<?xml version="1.0" encoding="UTF-8"?>
<!-- Generated by org.testng.reporters.JUnitXMLReporter -->
<testsuite hostname="BOOPATHI-PC" ignored="0" name="Test 1" tests="4" failures="0" timestamp="2021-07-20T18:52:16 IST" time="0.199" errors="0">
  <testcase name="tc0" time="0.023" classname="org.parallelexecution.Test1"/>
  <testcase name="tc1" time="0.012" classname="org.parallelexecution.Test1"/>
  <testcase name="tc2" time="0.004" classname="org.parallelexecution.Test1"/>
  <testcase name="tc3" time="0.013" classname="org.parallelexecution.Test1"/>
</testsuite> <!-- Test 1 -->
