<?xml version="1.0" encoding="UTF-8"?>
<testng-results skipped="0" failed="0" ignored="0" total="1" passed="1">
  <reporter-output>
  </reporter-output>
  <suite name="Default suite" duration-ms="55424" started-at="2021-07-24T23:33:32 IST" finished-at="2021-07-24T23:34:27 IST">
    <groups>
    </groups>
    <test name="Default test" duration-ms="55424" started-at="2021-07-24T23:33:32 IST" finished-at="2021-07-24T23:34:27 IST">
      <class name="Task.Task2">
        <test-method status="PASS" signature="tc1()[pri:0, instance:Task.Task2@2f943d71]" name="tc1" duration-ms="55297" started-at="2021-07-24T23:33:32 IST" finished-at="2021-07-24T23:34:27 IST">
          <reporter-output>
          </reporter-output>
        </test-method> <!-- tc1 -->
      </class> <!-- Task.Task2 -->
    </test> <!-- Default test -->
  </suite> <!-- Default suite -->
</testng-results>
